# JRE version: Java(TM) SE Runtime Environment (7.0_55-b13) (build 1.7.0_55-b13)
# Java VM: Java HotSpot(TM) 64-Bit Server VM (24.55-b03 mixed mode windows-amd64 compressed oops)
Heap
 PSYoungGen      total 71680K, used 580K [0x00000000f5500000, 0x00000000fa000000, 0x0000000100000000)
  eden space 66560K, 0% used [0x00000000f5500000,0x00000000f5591350,0x00000000f9600000)
  from space 5120K, 0% used [0x00000000f9600000,0x00000000f9600000,0x00000000f9b00000)
  to   space 5120K, 0% used [0x00000000f9b00000,0x00000000f9b00000,0x00000000fa000000)
 ParOldGen       total 86016K, used 31517K [0x00000000e0000000, 0x00000000e5400000, 0x00000000f5500000)
  object space 86016K, 36% used [0x00000000e0000000,0x00000000e1ec7638,0x00000000e5400000)
 PSPermGen       total 38400K, used 19111K [0x00000000dae00000, 0x00000000dd380000, 0x00000000e0000000)
  object space 38400K, 49% used [0x00000000dae00000,0x00000000dc0a9cd8,0x00000000dd380000)
GC Heap History (8 events):
Event: 0.343 GC heap before
{Heap before GC invocations=1 (full 0):
 PSYoungGen      total 38400K, used 33280K [0x00000000f5500000, 0x00000000f7f80000, 0x0000000100000000)
  eden space 33280K, 100% used [0x00000000f5500000,0x00000000f7580000,0x00000000f7580000)
  from space 5120K, 0% used [0x00000000f7a80000,0x00000000f7a80000,0x00000000f7f80000)
  to   space 5120K, 0% used [0x00000000f7580000,0x00000000f7580000,0x00000000f7a80000)
 ParOldGen       total 86016K, used 0K [0x00000000e0000000, 0x00000000e5400000, 0x00000000f5500000)
  object space 86016K, 0% used [0x00000000e0000000,0x00000000e0000000,0x00000000e5400000)
 PSPermGen       total 21504K, used 12377K [0x00000000dae00000, 0x00000000dc300000, 0x00000000e0000000)
  object space 21504K, 57% used [0x00000000dae00000,0x00000000dba165c8,0x00000000dc300000)
Event: 0.355 GC heap after
Heap after GC invocations=1 (full 0):
 PSYoungGen      total 38400K, used 5088K [0x00000000f5500000, 0x00000000fa000000, 0x0000000100000000)
  eden space 33280K, 0% used [0x00000000f5500000,0x00000000f5500000,0x00000000f7580000)
  from space 5120K, 99% used [0x00000000f7580000,0x00000000f7a78070,0x00000000f7a80000)
  to   space 5120K, 0% used [0x00000000f9b00000,0x00000000f9b00000,0x00000000fa000000)
 ParOldGen       total 86016K, used 8872K [0x00000000e0000000, 0x00000000e5400000, 0x00000000f5500000)
  object space 86016K, 10% used [0x00000000e0000000,0x00000000e08aa320,0x00000000e5400000)
 PSPermGen       total 21504K, used 12377K [0x00000000dae00000, 0x00000000dc300000, 0x00000000e0000000)
  object space 21504K, 57% used [0x00000000dae00000,0x00000000dba165c8,0x00000000dc300000)
}
Event: 2.263 GC heap before
{Heap before GC invocations=2 (full 0):
 PSYoungGen      total 38400K, used 38368K [0x00000000f5500000, 0x00000000fa000000, 0x0000000100000000)
  eden space 33280K, 100% used [0x00000000f5500000,0x00000000f7580000,0x00000000f7580000)
  from space 5120K, 99% used [0x00000000f7580000,0x00000000f7a78070,0x00000000f7a80000)
  to   space 5120K, 0% used [0x00000000f9b00000,0x00000000f9b00000,0x00000000fa000000)
 ParOldGen       total 86016K, used 8872K [0x00000000e0000000, 0x00000000e5400000, 0x00000000f5500000)
  object space 86016K, 10% used [0x00000000e0000000,0x00000000e08aa320,0x00000000e5400000)
 PSPermGen       total 21504K, used 16005K [0x00000000dae00000, 0x00000000dc300000, 0x00000000e0000000)
  object space 21504K, 74% used [0x00000000dae00000,0x00000000dbda15f8,0x00000000dc300000)
Event: 2.282 GC heap after
Heap after GC invocations=2 (full 0):
 PSYoungGen      total 71680K, used 5104K [0x00000000f5500000, 0x00000000fa000000, 0x0000000100000000)
  eden space 66560K, 0% used [0x00000000f5500000,0x00000000f5500000,0x00000000f9600000)
  from space 5120K, 99% used [0x00000000f9b00000,0x00000000f9ffc070,0x00000000fa000000)
  to   space 5120K, 0% used [0x00000000f9600000,0x00000000f9600000,0x00000000f9b00000)
 ParOldGen       total 86016K, used 25864K [0x00000000e0000000, 0x00000000e5400000, 0x00000000f5500000)
  object space 86016K, 30% used [0x00000000e0000000,0x00000000e19421e8,0x00000000e5400000)
 PSPermGen       total 21504K, used 16005K [0x00000000dae00000, 0x00000000dc300000, 0x00000000e0000000)
  object space 21504K, 74% used [0x00000000dae00000,0x00000000dbda15f8,0x00000000dc300000)
}
Event: 2.553 GC heap before
{Heap before GC invocations=3 (full 0):
 PSYoungGen      total 71680K, used 28180K [0x00000000f5500000, 0x00000000fa000000, 0x0000000100000000)
  eden space 66560K, 34% used [0x00000000f5500000,0x00000000f6b89258,0x00000000f9600000)
  from space 5120K, 99% used [0x00000000f9b00000,0x00000000f9ffc070,0x00000000fa000000)
  to   space 5120K, 0% used [0x00000000f9600000,0x00000000f9600000,0x00000000f9b00000)
 ParOldGen       total 86016K, used 25864K [0x00000000e0000000, 0x00000000e5400000, 0x00000000f5500000)
  object space 86016K, 30% used [0x00000000e0000000,0x00000000e19421e8,0x00000000e5400000)
 PSPermGen       total 21504K, used 19069K [0x00000000dae00000, 0x00000000dc300000, 0x00000000e0000000)
  object space 21504K, 88% used [0x00000000dae00000,0x00000000dc09f6a0,0x00000000dc300000)
Event: 2.562 GC heap after
Heap after GC invocations=3 (full 0):
 PSYoungGen      total 71680K, used 5088K [0x00000000f5500000, 0x00000000fa000000, 0x0000000100000000)
  eden space 66560K, 0% used [0x00000000f5500000,0x00000000f5500000,0x00000000f9600000)
  from space 5120K, 99% used [0x00000000f9600000,0x00000000f9af8040,0x00000000f9b00000)
  to   space 5120K, 0% used [0x00000000f9b00000,0x00000000f9b00000,0x00000000fa000000)
 ParOldGen       total 86016K, used 28759K [0x00000000e0000000, 0x00000000e5400000, 0x00000000f5500000)
  object space 86016K, 33% used [0x00000000e0000000,0x00000000e1c15d50,0x00000000e5400000)
 PSPermGen       total 21504K, used 19069K [0x00000000dae00000, 0x00000000dc300000, 0x00000000e0000000)
  object space 21504K, 88% used [0x00000000dae00000,0x00000000dc09f6a0,0x00000000dc300000)
}
Event: 2.562 GC heap before
{Heap before GC invocations=4 (full 1):
 PSYoungGen      total 71680K, used 5088K [0x00000000f5500000, 0x00000000fa000000, 0x0000000100000000)
  eden space 66560K, 0% used [0x00000000f5500000,0x00000000f5500000,0x00000000f9600000)
  from space 5120K, 99% used [0x00000000f9600000,0x00000000f9af8040,0x00000000f9b00000)
  to   space 5120K, 0% used [0x00000000f9b00000,0x00000000f9b00000,0x00000000fa000000)
 ParOldGen       total 86016K, used 28759K [0x00000000e0000000, 0x00000000e5400000, 0x00000000f5500000)
  object space 86016K, 33% used [0x00000000e0000000,0x00000000e1c15d50,0x00000000e5400000)
 PSPermGen       total 21504K, used 19069K [0x00000000dae00000, 0x00000000dc300000, 0x00000000e0000000)
  object space 21504K, 88% used [0x00000000dae00000,0x00000000dc09f6a0,0x00000000dc300000)
Event: 2.743 GC heap after
Heap after GC invocations=4 (full 1):
 PSYoungGen      total 71680K, used 0K [0x00000000f5500000, 0x00000000fa000000, 0x0000000100000000)
  eden space 66560K, 0% used [0x00000000f5500000,0x00000000f5500000,0x00000000f9600000)
  from space 5120K, 0% used [0x00000000f9600000,0x00000000f9600000,0x00000000f9b00000)
  to   space 5120K, 0% used [0x00000000f9b00000,0x00000000f9b00000,0x00000000fa000000)
 ParOldGen       total 86016K, used 31517K [0x00000000e0000000, 0x00000000e5400000, 0x00000000f5500000)
  object space 86016K, 36% used [0x00000000e0000000,0x00000000e1ec7638,0x00000000e5400000)
 PSPermGen       total 38400K, used 19060K [0x00000000dae00000, 0x00000000dd380000, 0x00000000e0000000)
  object space 38400K, 49% used [0x00000000dae00000,0x00000000dc09d2f8,0x00000000dd380000)
}

